time=    0, Simulation Start
time=    0, Starting Reset
time=  800, Reset Completed
time=  800, Starting Test
Time=900 Error! DUV: Q= z, RCO=0, LOAD=0, scoreboard:  syn_Q= 0,  syn_RCO=0,  syn_LOAD=0
PASS ALL
PASS ALL
PASS ALL
PASS ALL
PASS ALL
PASS ALL
PASS ALL
PASS ALL
PASS ALL
PASS ALL
PASS ALL
PASS ALL
PASS ALL
PASS ALL
PASS ALL
PASS ALL
PASS ALL
PASS ALL
PASS ALL
PASS ALL
PASS ALL
PASS ALL
PASS ALL
PASS ALL
PASS ALL
PASS ALL
PASS ALL
PASS ALL
PASS ALL
PASS ALL
PASS ALL
PASS ALL
PASS ALL
PASS ALL
PASS ALL
PASS ALL
PASS ALL
PASS ALL
PASS ALL
PASS ALL
PASS ALL
PASS ALL
PASS ALL
PASS ALL
PASS ALL
PASS ALL
PASS ALL
PASS ALL
PASS ALL
PASS ALL
PASS ALL
PASS ALL
PASS ALL
PASS ALL
PASS ALL
PASS ALL
PASS ALL
PASS ALL
PASS ALL
PASS ALL
PASS ALL
PASS ALL
PASS ALL
PASS ALL
PASS ALL
PASS ALL
PASS ALL
PASS ALL
PASS ALL
PASS ALL
PASS ALL
PASS ALL
PASS ALL
PASS ALL
PASS ALL
PASS ALL
PASS ALL
PASS ALL
PASS ALL
PASS ALL
PASS ALL
PASS ALL
PASS ALL
PASS ALL
PASS ALL
PASS ALL
PASS ALL
PASS ALL
PASS ALL
PASS ALL
PASS ALL
PASS ALL
PASS ALL
PASS ALL
PASS ALL
PASS ALL
PASS ALL
PASS ALL
PASS ALL
time=20800, MODO Test Completed
time=20800, Simulation Completed
